# JRE version: OpenJDK Runtime Environment (8.0_152-b01) (build 1.8.0_152-release-1248-b01)
# Java VM: OpenJDK 64-Bit Server VM (25.152-b01 mixed mode windows-amd64 compressed oops)
Heap:
 PSYoungGen      total 283648K, used 266399K [0x00000000e0000000, 0x00000000f6900000, 0x0000000100000000)
  eden space 260096K, 99% used [0x00000000e0000000,0x00000000efdab378,0x00000000efe00000)
  from space 23552K, 28% used [0x00000000f2580000,0x00000000f2bfcb08,0x00000000f3c80000)
  to   space 40448K, 27% used [0x00000000efe00000,0x00000000f08ea940,0x00000000f2580000)
 ParOldGen       total 157696K, used 81011K [0x00000000a0000000, 0x00000000a9a00000, 0x00000000e0000000)
  object space 157696K, 51% used [0x00000000a0000000,0x00000000a4f1cc58,0x00000000a9a00000)
 Metaspace       used 72063K, capacity 74420K, committed 74904K, reserved 1114112K
  class space    used 9502K, capacity 10007K, committed 10160K, reserved 1048576K
GC Heap History (10 events):
Event: 26.877 GC heap after
Heap after GC invocations=16 (full 3):
 PSYoungGen      total 188928K, used 0K [0x00000000e0000000, 0x00000000f0880000, 0x0000000100000000)
  eden space 169472K, 0% used [0x00000000e0000000,0x00000000e0000000,0x00000000ea580000)
  from space 19456K, 0% used [0x00000000ea580000,0x00000000ea580000,0x00000000eb880000)
  to   space 18944K, 0% used [0x00000000ef600000,0x00000000ef600000,0x00000000f0880000)
 ParOldGen       total 81408K, used 30462K [0x00000000a0000000, 0x00000000a4f80000, 0x00000000e0000000)
  object space 81408K, 37% used [0x00000000a0000000,0x00000000a1dbf810,0x00000000a4f80000)
 Metaspace       used 57453K, capacity 58966K, committed 59160K, reserved 1099776K
  class space    used 7816K, capacity 8218K, committed 8240K, reserved 1048576K
}
Event: 40.187 GC heap before
{Heap before GC invocations=17 (full 3):
 PSYoungGen      total 188928K, used 169472K [0x00000000e0000000, 0x00000000f0880000, 0x0000000100000000)
  eden space 169472K, 100% used [0x00000000e0000000,0x00000000ea580000,0x00000000ea580000)
  from space 19456K, 0% used [0x00000000ea580000,0x00000000ea580000,0x00000000eb880000)
  to   space 18944K, 0% used [0x00000000ef600000,0x00000000ef600000,0x00000000f0880000)
 ParOldGen       total 81408K, used 30462K [0x00000000a0000000, 0x00000000a4f80000, 0x00000000e0000000)
  object space 81408K, 37% used [0x00000000a0000000,0x00000000a1dbf810,0x00000000a4f80000)
 Metaspace       used 62704K, capacity 64476K, committed 64664K, reserved 1105920K
  class space    used 8404K, capacity 8859K, committed 8880K, reserved 1048576K
Event: 40.239 GC heap after
Heap after GC invocations=17 (full 3):
 PSYoungGen      total 233984K, used 15505K [0x00000000e0000000, 0x00000000f0580000, 0x0000000100000000)
  eden space 218112K, 0% used [0x00000000e0000000,0x00000000e0000000,0x00000000ed500000)
  from space 15872K, 97% used [0x00000000ef600000,0x00000000f0524640,0x00000000f0580000)
  to   space 20992K, 0% used [0x00000000edc80000,0x00000000edc80000,0x00000000ef100000)
 ParOldGen       total 81408K, used 30470K [0x00000000a0000000, 0x00000000a4f80000, 0x00000000e0000000)
  object space 81408K, 37% used [0x00000000a0000000,0x00000000a1dc1810,0x00000000a4f80000)
 Metaspace       used 62704K, capacity 64476K, committed 64664K, reserved 1105920K
  class space    used 8404K, capacity 8859K, committed 8880K, reserved 1048576K
}
Event: 46.767 GC heap before
{Heap before GC invocations=18 (full 3):
 PSYoungGen      total 233984K, used 233536K [0x00000000e0000000, 0x00000000f0580000, 0x0000000100000000)
  eden space 218112K, 99% used [0x00000000e0000000,0x00000000ed4eba88,0x00000000ed500000)
  from space 15872K, 97% used [0x00000000ef600000,0x00000000f0524640,0x00000000f0580000)
  to   space 20992K, 0% used [0x00000000edc80000,0x00000000edc80000,0x00000000ef100000)
 ParOldGen       total 81408K, used 30470K [0x00000000a0000000, 0x00000000a4f80000, 0x00000000e0000000)
  object space 81408K, 37% used [0x00000000a0000000,0x00000000a1dc1810,0x00000000a4f80000)
 Metaspace       used 69441K, capacity 71932K, committed 71960K, reserved 1112064K
  class space    used 9187K, capacity 9761K, committed 9776K, reserved 1048576K
Event: 46.865 GC heap after
Heap after GC invocations=18 (full 3):
 PSYoungGen      total 246784K, used 19312K [0x00000000e0000000, 0x00000000f3c80000, 0x0000000100000000)
  eden space 225792K, 0% used [0x00000000e0000000,0x00000000e0000000,0x00000000edc80000)
  from space 20992K, 91% used [0x00000000edc80000,0x00000000eef5c210,0x00000000ef100000)
  to   space 23552K, 0% used [0x00000000f2580000,0x00000000f2580000,0x00000000f3c80000)
 ParOldGen       total 81408K, used 30478K [0x00000000a0000000, 0x00000000a4f80000, 0x00000000e0000000)
  object space 81408K, 37% used [0x00000000a0000000,0x00000000a1dc3810,0x00000000a4f80000)
 Metaspace       used 69441K, capacity 71932K, committed 71960K, reserved 1112064K
  class space    used 9187K, capacity 9761K, committed 9776K, reserved 1048576K
}
Event: 53.049 GC heap before
{Heap before GC invocations=19 (full 3):
 PSYoungGen      total 246784K, used 245104K [0x00000000e0000000, 0x00000000f3c80000, 0x0000000100000000)
  eden space 225792K, 100% used [0x00000000e0000000,0x00000000edc80000,0x00000000edc80000)
  from space 20992K, 91% used [0x00000000edc80000,0x00000000eef5c210,0x00000000ef100000)
  to   space 23552K, 0% used [0x00000000f2580000,0x00000000f2580000,0x00000000f3c80000)
 ParOldGen       total 81408K, used 30478K [0x00000000a0000000, 0x00000000a4f80000, 0x00000000e0000000)
  object space 81408K, 37% used [0x00000000a0000000,0x00000000a1dc3810,0x00000000a4f80000)
 Metaspace       used 70733K, capacity 73332K, committed 73496K, reserved 1112064K
  class space    used 9362K, capacity 9919K, committed 10032K, reserved 1048576K
Event: 53.230 GC heap after
Heap after GC invocations=19 (full 3):
 PSYoungGen      total 283648K, used 23545K [0x00000000e0000000, 0x00000000f6900000, 0x0000000100000000)
  eden space 260096K, 0% used [0x00000000e0000000,0x00000000e0000000,0x00000000efe00000)
  from space 23552K, 99% used [0x00000000f2580000,0x00000000f3c7e590,0x00000000f3c80000)
  to   space 40448K, 0% used [0x00000000efe00000,0x00000000efe00000,0x00000000f2580000)
 ParOldGen       total 81408K, used 66674K [0x00000000a0000000, 0x00000000a4f80000, 0x00000000e0000000)
  object space 81408K, 81% used [0x00000000a0000000,0x00000000a411cb48,0x00000000a4f80000)
 Metaspace       used 70733K, capacity 73332K, committed 73496K, reserved 1112064K
  class space    used 9362K, capacity 9919K, committed 10032K, reserved 1048576K
}
Event: 53.230 GC heap before
{Heap before GC invocations=20 (full 4):
 PSYoungGen      total 283648K, used 23545K [0x00000000e0000000, 0x00000000f6900000, 0x0000000100000000)
  eden space 260096K, 0% used [0x00000000e0000000,0x00000000e0000000,0x00000000efe00000)
  from space 23552K, 99% used [0x00000000f2580000,0x00000000f3c7e590,0x00000000f3c80000)
  to   space 40448K, 0% used [0x00000000efe00000,0x00000000efe00000,0x00000000f2580000)
 ParOldGen       total 81408K, used 66674K [0x00000000a0000000, 0x00000000a4f80000, 0x00000000e0000000)
  object space 81408K, 81% used [0x00000000a0000000,0x00000000a411cb48,0x00000000a4f80000)
 Metaspace       used 70733K, capacity 73332K, committed 73496K, reserved 1112064K
  class space    used 9362K, capacity 9919K, committed 10032K, reserved 1048576K
Event: 54.345 GC heap after
Heap after GC invocations=20 (full 4):
 PSYoungGen      total 283648K, used 6642K [0x00000000e0000000, 0x00000000f6900000, 0x0000000100000000)
  eden space 260096K, 0% used [0x00000000e0000000,0x00000000e0000000,0x00000000efe00000)
  from space 23552K, 28% used [0x00000000f2580000,0x00000000f2bfcb08,0x00000000f3c80000)
  to   space 40448K, 0% used [0x00000000efe00000,0x00000000efe00000,0x00000000f2580000)
 ParOldGen       total 157696K, used 81003K [0x00000000a0000000, 0x00000000a9a00000, 0x00000000e0000000)
  object space 157696K, 51% used [0x00000000a0000000,0x00000000a4f1ac58,0x00000000a9a00000)
 Metaspace       used 70557K, capacity 72844K, committed 73496K, reserved 1112064K
  class space    used 9301K, capacity 9813K, committed 10032K, reserved 1048576K
}
Event: 57.088 GC heap before
{Heap before GC invocations=21 (full 4):
 PSYoungGen      total 283648K, used 266399K [0x00000000e0000000, 0x00000000f6900000, 0x0000000100000000)
  eden space 260096K, 99% used [0x00000000e0000000,0x00000000efdab378,0x00000000efe00000)
  from space 23552K, 28% used [0x00000000f2580000,0x00000000f2bfcb08,0x00000000f3c80000)
  to   space 40448K, 0% used [0x00000000efe00000,0x00000000efe00000,0x00000000f2580000)
 ParOldGen       total 157696K, used 81003K [0x00000000a0000000, 0x00000000a9a00000, 0x00000000e0000000)
  object space 157696K, 51% used [0x00000000a0000000,0x00000000a4f1ac58,0x00000000a9a00000)
 Metaspace       used 72063K, capacity 74420K, committed 74904K, reserved 1114112K
  class space    used 9502K, capacity 10007K, committed 10160K, reserved 1048576K

